<?xml version="1.0" encoding="UTF-8"?>
<!-- Generated by org.testng.reporters.JUnitReportReporter -->
<testsuite skipped="0" hostname="VUI-20-149L4M" name="ReferralChallenge.TestReferralChallenge" tests="7" failures="0" timestamp="15 Mar 2021 07:28:58 GMT" time="0.097" errors="0">
  <testcase name="getStatusCodeReferralMileStoneDetail" time="0.002" classname="ReferralChallenge.TestReferralChallenge"/>
  <testcase name="verifyMessageContent" time="0.004" classname="ReferralChallenge.TestReferralChallenge"/>
  <testcase name="getRunningReferralCodeAndName" time="0.004" classname="ReferralChallenge.TestReferralChallenge"/>
  <testcase name="getStatusCodeRunningReferral" time="0.003" classname="ReferralChallenge.TestReferralChallenge"/>
  <testcase name="getStatusCodeVerifyCreateReferralCode" time="0.002" classname="ReferralChallenge.TestReferralChallenge"/>
  <testcase name="getStatusCodeRegisterReferee" time="0.002" classname="ReferralChallenge.TestReferralChallenge"/>
  <testcase name="getMileStoneDetailIdAndName" time="0.080" classname="ReferralChallenge.TestReferralChallenge"/>
</testsuite> <!-- ReferralChallenge.TestReferralChallenge -->
