<?xml version="1.0" encoding="UTF-8"?>
<!-- Generated by org.testng.reporters.JUnitReportReporter -->
<testsuite skipped="0" hostname="VUI-20-149L4M" name="APIsGameChallenge.GetVuiToken" tests="2" failures="0" timestamp="19 Jan 2021 11:19:45 GMT" time="0.230" errors="0">
  <testcase name="getStatusCodeAccessToken" time="0.008" classname="APIsGameChallenge.GetVuiToken"/>
  <testcase name="getAccessToken" time="0.222" classname="APIsGameChallenge.GetVuiToken"/>
</testsuite> <!-- APIsGameChallenge.GetVuiToken -->
