<?xml version="1.0" encoding="UTF-8"?>
<!-- Generated by org.testng.reporters.JUnitReportReporter -->
<testsuite skipped="0" hostname="VUI-20-149L4M" name="APIsGameChallenge.GetAllRunningChallenges" tests="2" failures="0" timestamp="19 Jan 2021 11:19:45 GMT" time="0.005" errors="0">
  <testcase name="getStatusCodeOfAllRunningChallenges" time="0.002" classname="APIsGameChallenge.GetAllRunningChallenges"/>
  <testcase name="getTotalOfAllRunningChallenges" time="0.003" classname="APIsGameChallenge.GetAllRunningChallenges"/>
</testsuite> <!-- APIsGameChallenge.GetAllRunningChallenges -->
