<?xml version="1.0" encoding="UTF-8"?>
<!-- Generated by org.testng.reporters.JUnitReportReporter -->
<testsuite skipped="0" hostname="VUI-20-149L4M" name="APIsGameChallenge.Transaction" tests="1" failures="0" timestamp="19 Jan 2021 11:19:45 GMT" time="0.002" errors="0">
  <testcase name="getStatusCodeAPIAddTransaction" time="0.002" classname="APIsGameChallenge.Transaction"/>
</testsuite> <!-- APIsGameChallenge.Transaction -->
